INFO:werkzeug:[31m[1mWARNING: This is a development server. Do not use it in a production deployment. Use a production WSGI server instead.[0m
 * Running on http://127.0.0.1:5000
INFO:werkzeug:[33mPress CTRL+C to quit[0m
INFO:werkzeug:127.0.0.1 - - [18/Dec/2022 15:49:46] "[31m[1mPOST /api/v1/auth/login HTTP/1.1[0m" 401 -
INFO:werkzeug:127.0.0.1 - - [18/Dec/2022 15:49:56] "[31m[1mPOST /api/v1/auth/login HTTP/1.1[0m" 401 -
INFO:werkzeug:[31m[1mWARNING: This is a development server. Do not use it in a production deployment. Use a production WSGI server instead.[0m
 * Running on http://127.0.0.1:5000
INFO:werkzeug:[33mPress CTRL+C to quit[0m
ERROR:app:Exception on /api/v1/auth/login [POST]
Traceback (most recent call last):
  File "/home/daniel/Documents/CS/Projects/RaT/RaT2.0/sever2.0/Auth/api.py", line 60, in login
    Auth.logger.info("%s logged in successfully", user.username)
AttributeError: 'Blueprint' object has no attribute 'logger'

During handling of the above exception, another exception occurred:

Traceback (most recent call last):
  File "/home/daniel/.local/lib/python3.10/site-packages/flask/app.py", line 2525, in wsgi_app
    response = self.full_dispatch_request()
  File "/home/daniel/.local/lib/python3.10/site-packages/flask/app.py", line 1822, in full_dispatch_request
    rv = self.handle_user_exception(e)
  File "/home/daniel/.local/lib/python3.10/site-packages/flask/app.py", line 1820, in full_dispatch_request
    rv = self.dispatch_request()
  File "/home/daniel/.local/lib/python3.10/site-packages/flask/app.py", line 1796, in dispatch_request
    return self.ensure_sync(self.view_functions[rule.endpoint])(**view_args)
  File "/home/daniel/Documents/CS/Projects/RaT/RaT2.0/sever2.0/Auth/api.py", line 63, in login
    Auth.logger.info('%s failed to log in', user.username)
AttributeError: 'Blueprint' object has no attribute 'logger'
INFO:werkzeug:127.0.0.1 - - [18/Dec/2022 15:50:34] "[35m[1mPOST /api/v1/auth/login HTTP/1.1[0m" 500 -
INFO:werkzeug:[31m[1mWARNING: This is a development server. Do not use it in a production deployment. Use a production WSGI server instead.[0m
 * Running on http://127.0.0.1:5000
INFO:werkzeug:[33mPress CTRL+C to quit[0m
INFO:app:JL logged in successfully
INFO:werkzeug:127.0.0.1 - - [18/Dec/2022 15:52:29] "POST /api/v1/auth/login HTTP/1.1" 200 -
